{"name": "test_func2111111111", "status": "failed", "statusDetails": {"message": "AssertionError: assert 1 == 2", "trace": "self = <test_case.test_title.TestMainPage object at 0x00000252B9EC49B0>\nbrowser = <selenium.webdriver.edge.webdriver.WebDriver (session=\"5b3034dc4be966051765fefdd5211a5d\")>\n\n    @pytest.mark.smoke\n    def test_func2111111111(self, browser):\n        browser.get(url)\n>       assert 1 == 2\nE       assert 1 == 2\n\ntest_case\\test_title.py:28: AssertionError"}, "steps": [{"name": "添加失败截图。。。", "status": "passed", "attachments": [{"name": "失败截图", "source": "332dde50-175f-4502-b5cc-3f09db07da16-attachment.png", "type": "image/png"}], "start": 1716998529114, "stop": 1716998529218}], "start": 1716998526449, "stop": 1716998526982, "uuid": "8535f2fe-5e93-4268-9a3c-0ff0768f6789", "historyId": "7f8ba381490e7008f4c55eff55aabd96", "testCaseId": "7f8ba381490e7008f4c55eff55aabd96", "fullName": "test_case.test_title.TestMainPage#test_func2111111111", "labels": [{"name": "tag", "value": "smoke"}, {"name": "parentSuite", "value": "test_case"}, {"name": "suite", "value": "test_title"}, {"name": "subSuite", "value": "TestMainPage"}, {"name": "host", "value": "DESKTOP-VMNO24F"}, {"name": "thread", "value": "12612-MainThread"}, {"name": "framework", "value": "pytest"}, {"name": "language", "value": "cpython3"}, {"name": "package", "value": "test_case.test_title"}]}