{"name": "test_func4", "status": "failed", "statusDetails": {"message": "AssertionError: assert 1 == 2", "trace": "self = <test_case.test_title.TestMainPage object at 0x00000252B9EC4E00>\nbrowser = <selenium.webdriver.edge.webdriver.WebDriver (session=\"5b3034dc4be966051765fefdd5211a5d\")>\n\n    @pytest.mark.smoke\n    def test_func4(self, browser):\n        # browser.get(\"https://www.baidu.com\")\n        browser.get(\"https://www.right.com.cn/\")\n>       assert 1 == 2\nE       assert 1 == 2\n\ntest_case\\test_title.py:40: AssertionError"}, "steps": [{"name": "添加失败截图。。。", "status": "passed", "attachments": [{"name": "失败截图", "source": "03a686e9-3fd1-422c-bac1-71c0bcb7bf19-attachment.png", "type": "image/png"}], "start": 1716998535907, "stop": 1716998536049}], "start": 1716998530729, "stop": 1716998533901, "uuid": "a09295c1-ccad-433f-af79-02104218b61e", "historyId": "7e037bbe1b76f2a7b3b731d6ef400122", "testCaseId": "7e037bbe1b76f2a7b3b731d6ef400122", "fullName": "test_case.test_title.TestMainPage#test_func4", "labels": [{"name": "tag", "value": "smoke"}, {"name": "parentSuite", "value": "test_case"}, {"name": "suite", "value": "test_title"}, {"name": "subSuite", "value": "TestMainPage"}, {"name": "host", "value": "DESKTOP-VMNO24F"}, {"name": "thread", "value": "12612-MainThread"}, {"name": "framework", "value": "pytest"}, {"name": "language", "value": "cpython3"}, {"name": "package", "value": "test_case.test_title"}]}