{"name": "test_func2111111111", "status": "failed", "statusDetails": {"message": "AssertionError: assert 1 == 2", "trace": "self = <test_case.test_title.TestMainPage object at 0x0000019C9D061820>\nbrowser = <selenium.webdriver.chrome.webdriver.WebDriver (session=\"dc3d8257e14e0d544f7b9b1d97794eb2\")>\n\n    @pytest.mark.smoke\n    def test_func2111111111(self, browser):\n        browser.get(url)\n>       assert 1 == 2\nE       assert 1 == 2\n\n..\\TestProject\\test_case\\test_title.py:28: AssertionError"}, "steps": [{"name": "添加失败截图。。。", "status": "passed", "attachments": [{"name": "失败截图", "source": "fa6343aa-b1c4-4351-b717-96002afef543-attachment.png", "type": "image/png"}], "start": 1717089209153, "stop": 1717089209291}], "start": 1717089206688, "stop": 1717089207148, "uuid": "b9130a62-c52e-476c-8370-0b1504ee269c", "historyId": "7f8ba381490e7008f4c55eff55aabd96", "testCaseId": "7f8ba381490e7008f4c55eff55aabd96", "fullName": "test_case.test_title.TestMainPage#test_func2111111111", "labels": [{"name": "tag", "value": "smoke"}, {"name": "parentSuite", "value": "test_case"}, {"name": "suite", "value": "test_title"}, {"name": "subSuite", "value": "TestMainPage"}, {"name": "host", "value": "DESKTOP-VMNO24F"}, {"name": "thread", "value": "16100-MainThread"}, {"name": "framework", "value": "pytest"}, {"name": "language", "value": "cpython3"}, {"name": "package", "value": "test_case.test_title"}]}