{"name": "test_func4", "status": "failed", "statusDetails": {"message": "AssertionError: assert 1 == 2", "trace": "self = <test_case.test_title.TestMainPage object at 0x000001BD648A1CA0>\nbrowser = <selenium.webdriver.chrome.webdriver.WebDriver (session=\"c16ced166b803dc33cf60851e0caeff2\")>\n\n    @pytest.mark.smoke\n    def test_func4(self, browser):\n        # browser.get(\"https://www.baidu.com\")\n        browser.get(\"https://www.right.com.cn/\")\n>       assert 1 == 2\nE       assert 1 == 2\n\n..\\TestProject\\test_case\\test_title.py:40: AssertionError"}, "steps": [{"name": "添加失败截图。。。", "status": "passed", "attachments": [{"name": "失败截图", "source": "c1de8cbe-5f23-4d74-92f4-d55ce8c5b56b-attachment.png", "type": "image/png"}], "start": 1717089333620, "stop": 1717089333763}], "start": 1717089210292, "stop": 1717089331615, "uuid": "edb5cef3-48e6-443a-8d0a-ade3ef889e8b", "historyId": "7e037bbe1b76f2a7b3b731d6ef400122", "testCaseId": "7e037bbe1b76f2a7b3b731d6ef400122", "fullName": "test_case.test_title.TestMainPage#test_func4", "labels": [{"name": "tag", "value": "smoke"}, {"name": "parentSuite", "value": "test_case"}, {"name": "suite", "value": "test_title"}, {"name": "subSuite", "value": "TestMainPage"}, {"name": "host", "value": "DESKTOP-VMNO24F"}, {"name": "thread", "value": "9304-MainThread"}, {"name": "framework", "value": "pytest"}, {"name": "language", "value": "cpython3"}, {"name": "package", "value": "test_case.test_title"}]}