{"name": "test_func2111111111", "status": "failed", "statusDetails": {"message": "AssertionError: assert 1 == 2", "trace": "self = <test_case.test_title.TestMainPage object at 0x00000293E2E4CEF0>\nbrowser = <selenium.webdriver.chrome.webdriver.WebDriver (session=\"8b52a66042b437e9aa3529907a8e00c1\")>\n\n    @pytest.mark.smoke\n    def test_func2111111111(self, browser):\n        browser.get(url)\n>       assert 1 == 2\nE       assert 1 == 2\n\ntest_case\\test_title.py:28: AssertionError"}, "steps": [{"name": "添加失败截图。。。", "status": "passed", "attachments": [{"name": "失败截图", "source": "d6ec53f4-8017-4a63-9e3c-c24b3ffa635b-attachment.png", "type": "image/png"}], "start": 1716999915830, "stop": 1716999915936}], "start": 1716999913276, "stop": 1716999913820, "uuid": "6acd7cc3-28a3-4993-b739-f2ff34e5cbba", "historyId": "7f8ba381490e7008f4c55eff55aabd96", "testCaseId": "7f8ba381490e7008f4c55eff55aabd96", "fullName": "test_case.test_title.TestMainPage#test_func2111111111", "labels": [{"name": "tag", "value": "smoke"}, {"name": "parentSuite", "value": "test_case"}, {"name": "suite", "value": "test_title"}, {"name": "subSuite", "value": "TestMainPage"}, {"name": "host", "value": "DESKTOP-VMNO24F"}, {"name": "thread", "value": "10120-MainThread"}, {"name": "framework", "value": "pytest"}, {"name": "language", "value": "cpython3"}, {"name": "package", "value": "test_case.test_title"}]}