{"name": "test_func4", "status": "failed", "statusDetails": {"message": "AssertionError: assert 1 == 2", "trace": "self = <test_case.test_title.TestMainPage object at 0x00000224D7EAD4C0>\nbrowser = <selenium.webdriver.chrome.webdriver.WebDriver (session=\"5ee740b614f0a91cc1ac8da632f75aca\")>\n\n    @pytest.mark.smoke\n    def test_func4(self, browser):\n        # browser.get(\"https://www.baidu.com\")\n        browser.get(\"https://www.right.com.cn/\")\n>       assert 1 == 2\nE       assert 1 == 2\n\ntest_case\\test_title.py:40: AssertionError"}, "steps": [{"name": "添加失败截图。。。", "status": "passed", "attachments": [{"name": "失败截图", "source": "0acbc153-b643-4ff8-b64c-594e549aae5c-attachment.png", "type": "image/png"}], "start": 1716999942095, "stop": 1716999942236}], "start": 1716999914881, "stop": 1716999940091, "uuid": "91bd854f-dafc-49e8-9d9d-e2ab1b757453", "historyId": "7e037bbe1b76f2a7b3b731d6ef400122", "testCaseId": "7e037bbe1b76f2a7b3b731d6ef400122", "fullName": "test_case.test_title.TestMainPage#test_func4", "labels": [{"name": "tag", "value": "smoke"}, {"name": "parentSuite", "value": "test_case"}, {"name": "suite", "value": "test_title"}, {"name": "subSuite", "value": "TestMainPage"}, {"name": "host", "value": "DESKTOP-VMNO24F"}, {"name": "thread", "value": "10064-MainThread"}, {"name": "framework", "value": "pytest"}, {"name": "language", "value": "cpython3"}, {"name": "package", "value": "test_case.test_title"}]}