{"name": "test_func2[chrome]", "status": "failed", "statusDetails": {"message": "AssertionError: assert 1 == 2", "trace": "self = <test_case.test_title.TestMainPage object at 0x0000013D59401310>\nbrowser = <selenium.webdriver.chrome.webdriver.WebDriver (session=\"409de4c50d820b8b6699099e2fd4e696\")>\n\n    @pytest.mark.smoke\n    def test_func2(self, browser):\n        browser.get(url)\n>       assert 1 == 2\nE       assert 1 == 2\n\ntest_case\\test_title.py:29: AssertionError"}, "attachments": [{"name": "失败截图", "source": "900f5a38-8c4a-4d53-a3a9-9c2fae7cf1de-attachment.png", "type": "image/png"}], "parameters": [{"name": "browser", "value": "'chrome'"}], "start": 1717231475051, "stop": 1717231475365, "uuid": "8b606289-5374-4f54-9fc6-845cac2a0f58", "historyId": "c88138e2b07d4341cda3fd6de83faad2", "testCaseId": "c31cacf5e747a297f647e4690b9075fb", "fullName": "test_case.test_title.TestMainPage#test_func2", "labels": [{"name": "tag", "value": "smoke"}, {"name": "parentSuite", "value": "test_case"}, {"name": "suite", "value": "test_title"}, {"name": "subSuite", "value": "TestMainPage"}, {"name": "host", "value": "DESKTOP-VMNO24F"}, {"name": "thread", "value": "19320-MainThread"}, {"name": "framework", "value": "pytest"}, {"name": "language", "value": "cpython3"}, {"name": "package", "value": "test_case.test_title"}]}