{"name": "test_func2[chrome]", "status": "failed", "statusDetails": {"message": "AssertionError: assert 1 == 2", "trace": "self = <test_case.test_title.TestMainPage object at 0x000001674FECBB00>\nbrowser = <selenium.webdriver.chrome.webdriver.WebDriver (session=\"ddbc1cd8b742d1d86fc193e2ef615e37\")>\n\n    @pytest.mark.smoke\n    def test_func2(self, browser):\n        browser.get(url)\n>       assert 1 == 2\nE       assert 1 == 2\n\ntest_case\\test_title.py:29: AssertionError"}, "attachments": [{"name": "失败截图", "source": "d475441a-94e4-42bb-a34c-ab57dbc5ac14-attachment.png", "type": "image/png"}], "parameters": [{"name": "browser", "value": "'chrome'"}], "start": 1717245640944, "stop": 1717245641540, "uuid": "d9cb98ff-7163-4476-a014-63c364de6311", "historyId": "c88138e2b07d4341cda3fd6de83faad2", "testCaseId": "c31cacf5e747a297f647e4690b9075fb", "fullName": "test_case.test_title.TestMainPage#test_func2", "labels": [{"name": "tag", "value": "smoke"}, {"name": "parentSuite", "value": "test_case"}, {"name": "suite", "value": "test_title"}, {"name": "subSuite", "value": "TestMainPage"}, {"name": "host", "value": "DESKTOP-VMNO24F"}, {"name": "thread", "value": "23328-MainThread"}, {"name": "framework", "value": "pytest"}, {"name": "language", "value": "cpython3"}, {"name": "package", "value": "test_case.test_title"}]}