{"name": "test_func4[chrome]", "status": "failed", "statusDetails": {"message": "AssertionError: assert 1 == 2", "trace": "self = <test_case.test_title.TestMainPage object at 0x000001978C6D75C0>\nbrowser = <selenium.webdriver.chrome.webdriver.WebDriver (session=\"35a6749b31eeef8f8f368bcfb59778a5\")>\n\n    @pytest.mark.smoke\n    def test_func4(self, browser):\n        browser.get(\"https://www.right.com.cn/\")\n>       assert 1 == 2\nE       assert 1 == 2\n\ntest_case\\test_title.py:40: AssertionError"}, "attachments": [{"name": "失败截图", "source": "f3ab18b6-7f97-4bad-aad2-6943d8aacefd-attachment.png", "type": "image/png"}], "parameters": [{"name": "browser", "value": "'chrome'"}], "start": 1717248093392, "stop": 1717248118364, "uuid": "241c7ede-e566-4720-8daa-175561708c35", "historyId": "7a8ce5a7a2f9511ac50c596ef057759d", "testCaseId": "7e037bbe1b76f2a7b3b731d6ef400122", "fullName": "test_case.test_title.TestMainPage#test_func4", "labels": [{"name": "tag", "value": "smoke"}, {"name": "parentSuite", "value": "test_case"}, {"name": "suite", "value": "test_title"}, {"name": "subSuite", "value": "TestMainPage"}, {"name": "host", "value": "DESKTOP-VMNO24F"}, {"name": "thread", "value": "12720-MainThread"}, {"name": "framework", "value": "pytest"}, {"name": "language", "value": "cpython3"}, {"name": "package", "value": "test_case.test_title"}]}