{"name": "test_func4", "status": "failed", "statusDetails": {"message": "AssertionError: assert 1 == 2", "trace": "self = <test_case.test_title.TestMainPage object at 0x0000027DCA625DC0>\nbrowser = <selenium.webdriver.chrome.webdriver.WebDriver (session=\"783978de6de9258a05e5046e1422eeda\")>\n\n    @pytest.mark.smoke\n    def test_func4(self, browser):\n        # browser.get(\"https://www.baidu.com\")\n        browser.get(\"https://www.right.com.cn/\")\n>       assert 1 == 2\nE       assert 1 == 2\n\n..\\TestProject\\test_case\\test_title.py:40: AssertionError"}, "steps": [{"name": "添加失败截图。。。", "status": "passed", "attachments": [{"name": "失败截图", "source": "99d3da29-e913-41bc-b60a-5eb08a17e1f3-attachment.png", "type": "image/png"}], "start": 1717091394935, "stop": 1717091395057}], "start": 1717091390139, "stop": 1717091392928, "uuid": "b02084e0-9ed4-4056-8073-a6bc55322845", "historyId": "7e037bbe1b76f2a7b3b731d6ef400122", "testCaseId": "7e037bbe1b76f2a7b3b731d6ef400122", "fullName": "test_case.test_title.TestMainPage#test_func4", "labels": [{"name": "tag", "value": "smoke"}, {"name": "parentSuite", "value": "test_case"}, {"name": "suite", "value": "test_title"}, {"name": "subSuite", "value": "TestMainPage"}, {"name": "host", "value": "DESKTOP-VMNO24F"}, {"name": "thread", "value": "16032-MainThread"}, {"name": "framework", "value": "pytest"}, {"name": "language", "value": "cpython3"}, {"name": "package", "value": "test_case.test_title"}]}