{"name": "test_func2111111111", "status": "failed", "statusDetails": {"message": "AssertionError: assert 1 == 2", "trace": "self = <test_case.test_title.TestMainPage object at 0x0000026C1A765940>\nbrowser = <selenium.webdriver.chrome.webdriver.WebDriver (session=\"bb1cb5026166caca29171d5c0d0ae5bd\")>\n\n    @pytest.mark.smoke\n    def test_func2111111111(self, browser):\n        browser.get(url)\n>       assert 1 == 2\nE       assert 1 == 2\n\n..\\TestProject\\test_case\\test_title.py:28: AssertionError"}, "steps": [{"name": "添加失败截图。。。", "status": "passed", "attachments": [{"name": "失败截图", "source": "2d433cae-8492-4a1c-b049-fdd7fa5101ab-attachment.png", "type": "image/png"}], "start": 1717091388660, "stop": 1717091388757}], "start": 1717091386421, "stop": 1717091386655, "uuid": "8c774fdc-57b9-44c4-9dd8-7476397e1d7c", "historyId": "7f8ba381490e7008f4c55eff55aabd96", "testCaseId": "7f8ba381490e7008f4c55eff55aabd96", "fullName": "test_case.test_title.TestMainPage#test_func2111111111", "labels": [{"name": "tag", "value": "smoke"}, {"name": "parentSuite", "value": "test_case"}, {"name": "suite", "value": "test_title"}, {"name": "subSuite", "value": "TestMainPage"}, {"name": "host", "value": "DESKTOP-VMNO24F"}, {"name": "thread", "value": "17468-MainThread"}, {"name": "framework", "value": "pytest"}, {"name": "language", "value": "cpython3"}, {"name": "package", "value": "test_case.test_title"}]}