{"name": "test_func2[chrome]", "status": "failed", "statusDetails": {"message": "AssertionError: assert 1 == 2", "trace": "self = <test_case.test_title.TestMainPage object at 0x0000020ACE796D50>\nbrowser = <selenium.webdriver.chrome.webdriver.WebDriver (session=\"6fe71faa316c9a108cff58c81c53d9c4\")>\n\n    @pytest.mark.smoke\n    def test_func2(self, browser):\n        browser.get(url)\n>       assert 1 == 2\nE       assert 1 == 2\n\ntest_case\\test_title.py:29: AssertionError"}, "attachments": [{"name": "失败截图", "source": "3193199f-b66a-4d93-8b10-5653a6df5b06-attachment.png", "type": "image/png"}], "parameters": [{"name": "browser", "value": "'chrome'"}], "start": 1717248092263, "stop": 1717248092621, "uuid": "0f03622c-765b-4a5b-a2b5-15cdff04c635", "historyId": "c88138e2b07d4341cda3fd6de83faad2", "testCaseId": "c31cacf5e747a297f647e4690b9075fb", "fullName": "test_case.test_title.TestMainPage#test_func2", "labels": [{"name": "tag", "value": "smoke"}, {"name": "parentSuite", "value": "test_case"}, {"name": "suite", "value": "test_title"}, {"name": "subSuite", "value": "TestMainPage"}, {"name": "host", "value": "DESKTOP-VMNO24F"}, {"name": "thread", "value": "25900-MainThread"}, {"name": "framework", "value": "pytest"}, {"name": "language", "value": "cpython3"}, {"name": "package", "value": "test_case.test_title"}]}