{"name": "test_func4[chrome]", "status": "failed", "statusDetails": {"message": "AssertionError: assert 1 == 2", "trace": "self = <test_case.test_title.TestMainPage object at 0x000001A2433C0650>\nbrowser = <selenium.webdriver.chrome.webdriver.WebDriver (session=\"98abefacfaeca9e5030831c6489e32d8\")>\n\n    @pytest.mark.smoke\n    def test_func4(self, browser):\n        browser.get(\"https://www.right.com.cn/\")\n>       assert 1 == 2\nE       assert 1 == 2\n\ntest_case\\test_title.py:40: AssertionError"}, "attachments": [{"name": "失败截图", "source": "2ad4576d-2218-4669-a4a9-12ac6634e713-attachment.png", "type": "image/png"}], "parameters": [{"name": "browser", "value": "'chrome'"}], "start": 1717231473837, "stop": 1717231476879, "uuid": "6e24cac0-7fd4-455c-9e63-d08f0ccdd0d6", "historyId": "7a8ce5a7a2f9511ac50c596ef057759d", "testCaseId": "7e037bbe1b76f2a7b3b731d6ef400122", "fullName": "test_case.test_title.TestMainPage#test_func4", "labels": [{"name": "tag", "value": "smoke"}, {"name": "parentSuite", "value": "test_case"}, {"name": "suite", "value": "test_title"}, {"name": "subSuite", "value": "TestMainPage"}, {"name": "host", "value": "DESKTOP-VMNO24F"}, {"name": "thread", "value": "856-MainThread"}, {"name": "framework", "value": "pytest"}, {"name": "language", "value": "cpython3"}, {"name": "package", "value": "test_case.test_title"}]}